<?xml version="1.0" encoding="UTF-8"?>
<!-- Generated by org.testng.reporters.JUnitReportReporter -->
<testsuite hostname="DESKTOP-I16IA9O" failures="0" tests="1" name="com.spacejat.dashboard.testcases.ChatOneToOneTest" time="17.384" errors="0" timestamp="2024-02-14T23:20:40 EET" skipped="0">
  <testcase classname="com.spacejat.dashboard.testcases.ChatOneToOneTest" name="ShouldBeAbleToOpenChatOne2One" time="17.384"/>
</testsuite> <!-- com.spacejat.dashboard.testcases.ChatOneToOneTest -->
