<?xml version="1.0" encoding="UTF-8"?>
<!-- Generated by org.testng.reporters.JUnitReportReporter -->
<testsuite hostname="DESKTOP-I16IA9O" failures="0" tests="2" name="com.spacejat.dashboard.testcases.CreateMeetingTest" time="72.230" errors="0" timestamp="2024-02-14T23:20:40 EET" skipped="0">
  <testcase classname="com.spacejat.dashboard.testcases.CreateMeetingTest" name="ShouldBeAbleCreateTheMeetingPublic" time="57.239"/>
  <testcase classname="com.spacejat.dashboard.testcases.CreateMeetingTest" name="ShouldBeAbleCreateTheMeetingPrivate" time="14.991"/>
</testsuite> <!-- com.spacejat.dashboard.testcases.CreateMeetingTest -->
